[debug] [2024-11-28T15:40:50.721Z] : 
[debug] [2024-11-28T15:40:50.724Z] : ----------------------------------------------------------------------
[debug] [2024-11-28T15:40:50.724Z] : Command:      C:\Program Files\nodejs\node.exe C:\Users\LENOVO\AppData\Roaming\npm\node_modules\zcatalyst-cli\lib\bin\catalyst.js serve
[debug] [2024-11-28T15:40:50.725Z] : CLI Version:  1.17.6
[debug] [2024-11-28T15:40:50.725Z] : Platform:     win32
[debug] [2024-11-28T15:40:50.726Z] : Node Version: v22.3.0
[debug] [2024-11-28T15:40:50.726Z] : Time:         Thu Nov 28 2024 21:10:50 GMT+0530 (India Standard Time)
[debug] [2024-11-28T15:40:50.726Z] : ----------------------------------------------------------------------
[debug] [2024-11-28T15:40:50.726Z] : 
[debug] [2024-11-28T15:40:53.357Z] : > authorizing via signed-in user option
[debug] [2024-11-28T15:40:53.357Z] : > command requires scopes: ["ZohoCatalyst.projects.ALL","ZohoCatalyst.functions.ALL","ZohoCatalyst.functions.EXECUTE","ZohoCatalyst.webapp.ALL","ZohoCatalyst.pdfshot.execute","ZohoCatalyst.authentication.CREATE"]
[debug] [2024-11-28T15:40:53.382Z] : > refreshing access token <
[debug] [2024-11-28T15:40:53.384Z] : >>>> HTTP REQUEST : POST https://accounts.zoho.com/oauth/v2/token 
<request body omitted>

[debug] [2024-11-28T15:40:54.342Z] : <<<< HTTP RESPONSE : 200
Response Headers: {"server":"ZGS","date":"Thu, 28 Nov 2024 15:40:54 GMT","content-type":"application/json;charset=UTF-8","content-length":"1980","connection":"keep-alive","set-cookie":["zalb_b266a5bf57=171f00131f362c7c9008d4c4f7dca7e9; Path=/; Secure; HttpOnly","iamcsr=8a0f5bc5-5c9b-4598-94c9-42e0debc9049;path=/;SameSite=None;Secure;priority=high","_zcsr_tmp=8a0f5bc5-5c9b-4598-94c9-42e0debc9049;path=/;SameSite=Strict;Secure;priority=high"],"cache-control":"no-store","x-content-type-options":"nosniff","pragma":"no-cache","x-frame-options":"SAMEORIGIN","vary":"accept-encoding","content-language":"en-US","strict-transport-security":"max-age=63072000"}

[debug] [2024-11-28T15:40:54.390Z] : >>>> HTTP REQUEST : GET https://api.catalyst.zoho.com/baas/v1/project/11771000000414004 

[debug] [2024-11-28T15:40:55.345Z] : <<<< HTTP RESPONSE : 200
Response Headers: {"server":"ZGS","date":"Thu, 28 Nov 2024 15:40:55 GMT","content-type":"application/vnd.catalyst.v2+json","transfer-encoding":"chunked","connection":"keep-alive","set-cookie":["zalb_46512fd555=90350078506ff735bb55acbaaf830ec7; Path=/; Secure; HttpOnly","ZD_CSRF_TOKEN=d8beb44d-16dc-4d96-9c06-9420e846d65a;path=/;SameSite=None;Secure;priority=high","_zcsr_tmp=d8beb44d-16dc-4d96-9c06-9420e846d65a;path=/;SameSite=Strict;Secure;priority=high"],"x-content-type-options":"nosniff","x-xss-protection":"1","cache-control":"private,no-cache,no-store,max-age=0,must-revalidate","pragma":"no-cache","expires":"Thu, 01 Jan 1970 00:00:00 GMT","x-frame-options":"DENY","strict-transport-security":"max-age=63072000"}

[debug] [2024-11-28T15:40:55.349Z] : >>>> HTTP REQUEST : GET https://api.catalyst.zoho.com/baas/v1/project/11771000000414004/environment 

[debug] [2024-11-28T15:40:55.665Z] : <<<< HTTP RESPONSE : 200
Response Headers: {"server":"ZGS","date":"Thu, 28 Nov 2024 15:40:55 GMT","content-type":"application/vnd.catalyst.v2+json","transfer-encoding":"chunked","connection":"keep-alive","set-cookie":["zalb_46512fd555=a217ea28e1adda87f84f999a20258a4d; Path=/; Secure; HttpOnly","ZD_CSRF_TOKEN=6f460c74-1383-4635-a141-fdc165189072;path=/;SameSite=None;Secure;priority=high","_zcsr_tmp=6f460c74-1383-4635-a141-fdc165189072;path=/;SameSite=Strict;Secure;priority=high"],"x-content-type-options":"nosniff","x-xss-protection":"1","cache-control":"private,no-cache,no-store,max-age=0,must-revalidate","pragma":"no-cache","expires":"Thu, 01 Jan 1970 00:00:00 GMT","x-frame-options":"DENY","strict-transport-security":"max-age=63072000"}

[debug] [2024-11-28T15:40:56.369Z] : >>>> HTTP REQUEST : GET https://api.catalyst.zoho.com/baas/v1/project/11771000000414004/function 
Query params: {"type":"basicio,event,cron,applogic,integration,browser_logic"}

[debug] [2024-11-28T15:40:56.930Z] : <<<< HTTP RESPONSE : 200
Response Headers: {"server":"ZGS","date":"Thu, 28 Nov 2024 15:40:56 GMT","content-type":"application/vnd.catalyst.v2+json","transfer-encoding":"chunked","connection":"keep-alive","set-cookie":["zalb_46512fd555=1e3128963ae55b9c29f5f81cbe0a4ace; Path=/; Secure; HttpOnly","ZD_CSRF_TOKEN=1b1c8e42-97c8-4b89-98f6-69ccd480fddf;path=/;SameSite=None;Secure;priority=high","_zcsr_tmp=1b1c8e42-97c8-4b89-98f6-69ccd480fddf;path=/;SameSite=Strict;Secure;priority=high"],"x-content-type-options":"nosniff","x-xss-protection":"1","cache-control":"private,no-cache,no-store,max-age=0,must-revalidate","pragma":"no-cache","expires":"Thu, 01 Jan 1970 00:00:00 GMT","x-frame-options":"DENY","strict-transport-security":"max-age=63072000"}

[debug] [2024-11-28T15:40:56.945Z] : unknown eol undefined hence skipping check
[info] [2024-11-28T15:41:01.395Z] : 
[info] [2024-11-28T15:41:01.395Z] :  >>>>>>>>>>>>> AdvancedIO <<<<<<<<<<<< 
[info] [2024-11-28T15:41:01.397Z] : i nodejstest_function: http://localhost:3000/server/nodejstest_function/
[info] [2024-11-28T15:41:01.397Z] : 
[info] [2024-11-28T15:42:02.816Z] : 
change of Controller\userController.js in nodejstest_function detected. Preparing your function, please wait...
[info] [2024-11-28T15:42:10.195Z] : i AdvancedIO[nodejstest_function]: ready!
[info] [2024-11-28T15:42:10.198Z] : i AdvancedIO[nodejstest_function]: http://localhost:3000/server/nodejstest_function/
[info] [2024-11-28T15:45:11.885Z] : 
change of Controller\userController.js in nodejstest_function detected. Preparing your function, please wait...
[info] [2024-11-28T15:45:16.328Z] : i AdvancedIO[nodejstest_function]: ready!
[info] [2024-11-28T15:45:16.329Z] : i AdvancedIO[nodejstest_function]: http://localhost:3000/server/nodejstest_function/
[info] [2024-11-28T15:48:37.331Z] : 
change of Controller\userController.js in nodejstest_function detected. Preparing your function, please wait...
[info] [2024-11-28T15:48:40.977Z] : i AdvancedIO[nodejstest_function]: ready!
[info] [2024-11-28T15:48:40.977Z] : i AdvancedIO[nodejstest_function]: http://localhost:3000/server/nodejstest_function/
[info] [2024-11-28T15:49:39.188Z] : 
change of SQL\userQuery.js in nodejstest_function detected. Preparing your function, please wait...
[info] [2024-11-28T15:49:42.423Z] : i AdvancedIO[nodejstest_function]: ready!
[info] [2024-11-28T15:49:42.423Z] : i AdvancedIO[nodejstest_function]: http://localhost:3000/server/nodejstest_function/
[info] [2024-11-28T15:56:12.725Z] : 
change of Controller\userController.js in nodejstest_function detected. Preparing your function, please wait...
[info] [2024-11-28T15:56:16.225Z] : i AdvancedIO[nodejstest_function]: ready!
[info] [2024-11-28T15:56:16.225Z] : i AdvancedIO[nodejstest_function]: http://localhost:3000/server/nodejstest_function/
[info] [2024-11-28T15:58:25.123Z] : 
change of Controller\userController.js in nodejstest_function detected. Preparing your function, please wait...
[info] [2024-11-28T15:58:28.423Z] : i AdvancedIO[nodejstest_function]: ready!
[info] [2024-11-28T15:58:28.424Z] : i AdvancedIO[nodejstest_function]: http://localhost:3000/server/nodejstest_function/
[info] [2024-11-28T15:58:46.966Z] : 
change of Controller\userController.js in nodejstest_function detected. Preparing your function, please wait...
[info] [2024-11-28T15:58:49.899Z] : i AdvancedIO[nodejstest_function]: ready!
[info] [2024-11-28T15:58:49.902Z] : i AdvancedIO[nodejstest_function]: http://localhost:3000/server/nodejstest_function/
[info] [2024-11-28T16:01:13.617Z] : 
change of Controller\userController.js in nodejstest_function detected. Preparing your function, please wait...
[info] [2024-11-28T16:01:17.173Z] : i AdvancedIO[nodejstest_function]: ready!
[info] [2024-11-28T16:01:17.176Z] : i AdvancedIO[nodejstest_function]: http://localhost:3000/server/nodejstest_function/
[info] [2024-11-28T16:03:53.915Z] : 
change of Controller\userController.js in nodejstest_function detected. Preparing your function, please wait...
[info] [2024-11-28T16:03:57.508Z] : i AdvancedIO[nodejstest_function]: ready!
[info] [2024-11-28T16:03:57.509Z] : i AdvancedIO[nodejstest_function]: http://localhost:3000/server/nodejstest_function/
[info] [2024-11-28T16:05:17.481Z] : 
change of Controller\userController.js in nodejstest_function detected. Preparing your function, please wait...
[info] [2024-11-28T16:05:21.581Z] : i AdvancedIO[nodejstest_function]: ready!
[info] [2024-11-28T16:05:21.588Z] : i AdvancedIO[nodejstest_function]: http://localhost:3000/server/nodejstest_function/
[info] [2024-11-28T16:07:36.906Z] : 
change of Controller\userController.js in nodejstest_function detected. Preparing your function, please wait...
[info] [2024-11-28T16:07:40.556Z] : i AdvancedIO[nodejstest_function]: ready!
[info] [2024-11-28T16:07:40.559Z] : i AdvancedIO[nodejstest_function]: http://localhost:3000/server/nodejstest_function/
[info] [2024-11-28T16:07:51.476Z] : 
change of Controller\userController.js in nodejstest_function detected. Preparing your function, please wait...
[info] [2024-11-28T16:07:55.984Z] : i AdvancedIO[nodejstest_function]: ready!
[info] [2024-11-28T16:07:55.985Z] : i AdvancedIO[nodejstest_function]: http://localhost:3000/server/nodejstest_function/
[info] [2024-11-28T16:10:01.263Z] : 
change of package.json in nodejstest_function detected. Preparing your function, please wait...
[info] [2024-11-28T16:10:10.468Z] : i AdvancedIO[nodejstest_function]: ready!
[info] [2024-11-28T16:10:10.470Z] : i AdvancedIO[nodejstest_function]: http://localhost:3000/server/nodejstest_function/
[info] [2024-11-28T16:14:31.236Z] : 
change of Controller\userController.js in nodejstest_function detected. Preparing your function, please wait...
[info] [2024-11-28T16:14:36.432Z] : i AdvancedIO[nodejstest_function]: ready!
[info] [2024-11-28T16:14:36.432Z] : i AdvancedIO[nodejstest_function]: http://localhost:3000/server/nodejstest_function/
[info] [2024-11-28T16:15:17.067Z] : 
change of Controller\userController.js in nodejstest_function detected. Preparing your function, please wait...
[info] [2024-11-28T16:15:22.170Z] : i AdvancedIO[nodejstest_function]: ready!
[info] [2024-11-28T16:15:22.171Z] : i AdvancedIO[nodejstest_function]: http://localhost:3000/server/nodejstest_function/
[info] [2024-11-28T16:15:33.546Z] : 
change of Controller\userController.js in nodejstest_function detected. Preparing your function, please wait...
[info] [2024-11-28T16:15:38.458Z] : i AdvancedIO[nodejstest_function]: ready!
[info] [2024-11-28T16:15:38.459Z] : i AdvancedIO[nodejstest_function]: http://localhost:3000/server/nodejstest_function/
[info] [2024-11-28T16:16:12.878Z] : 
change of Controller\userController.js in nodejstest_function detected. Preparing your function, please wait...
[info] [2024-11-28T16:16:18.655Z] : i AdvancedIO[nodejstest_function]: ready!
[info] [2024-11-28T16:16:18.656Z] : i AdvancedIO[nodejstest_function]: http://localhost:3000/server/nodejstest_function/
[info] [2024-11-28T16:19:10.392Z] : 
change of Controller\userController.js in nodejstest_function detected. Preparing your function, please wait...
[info] [2024-11-28T16:19:17.011Z] : i AdvancedIO[nodejstest_function]: ready!
[info] [2024-11-28T16:19:17.013Z] : i AdvancedIO[nodejstest_function]: http://localhost:3000/server/nodejstest_function/
[info] [2024-11-28T16:21:00.216Z] : 
change of Controller\userController.js in nodejstest_function detected. Preparing your function, please wait...
[info] [2024-11-28T16:21:07.086Z] : i AdvancedIO[nodejstest_function]: ready!
[info] [2024-11-28T16:21:07.086Z] : i AdvancedIO[nodejstest_function]: http://localhost:3000/server/nodejstest_function/
[info] [2024-11-28T16:22:21.862Z] : 
change of Controller\userController.js in nodejstest_function detected. Preparing your function, please wait...
[info] [2024-11-28T16:22:28.307Z] : i AdvancedIO[nodejstest_function]: ready!
[info] [2024-11-28T16:22:28.308Z] : i AdvancedIO[nodejstest_function]: http://localhost:3000/server/nodejstest_function/
[info] [2024-11-28T16:22:48.995Z] : 
change of Router\userRouter.js in nodejstest_function detected. Preparing your function, please wait...
[info] [2024-11-28T16:22:54.686Z] : i AdvancedIO[nodejstest_function]: ready!
[info] [2024-11-28T16:22:54.687Z] : i AdvancedIO[nodejstest_function]: http://localhost:3000/server/nodejstest_function/
[info] [2024-11-28T16:24:49.674Z] : 
change of Router\userRouter.js in nodejstest_function detected. Preparing your function, please wait...
[info] [2024-11-28T16:24:55.931Z] : i AdvancedIO[nodejstest_function]: ready!
[info] [2024-11-28T16:24:55.932Z] : i AdvancedIO[nodejstest_function]: http://localhost:3000/server/nodejstest_function/
[info] [2024-11-28T16:26:25.598Z] : 
change of Controller\userController.js in nodejstest_function detected. Preparing your function, please wait...
[info] [2024-11-28T16:26:30.916Z] : i AdvancedIO[nodejstest_function]: ready!
[info] [2024-11-28T16:26:30.934Z] : i AdvancedIO[nodejstest_function]: http://localhost:3000/server/nodejstest_function/
[info] [2024-11-28T16:26:31.935Z] : 
change of Controller\userController.js in nodejstest_function detected. Preparing your function, please wait...
[info] [2024-11-28T16:26:37.481Z] : i AdvancedIO[nodejstest_function]: ready!
[info] [2024-11-28T16:26:37.482Z] : i AdvancedIO[nodejstest_function]: http://localhost:3000/server/nodejstest_function/
[info] [2024-11-28T16:27:15.407Z] : 
change of Controller\userController.js in nodejstest_function detected. Preparing your function, please wait...
[info] [2024-11-28T16:27:28.376Z] : i AdvancedIO[nodejstest_function]: ready!
[info] [2024-11-28T16:27:28.379Z] : i AdvancedIO[nodejstest_function]: http://localhost:3000/server/nodejstest_function/
[info] [2024-11-28T16:27:31.029Z] : 
change of Controller\userController.js in nodejstest_function detected. Preparing your function, please wait...
[info] [2024-11-28T16:27:37.206Z] : i AdvancedIO[nodejstest_function]: ready!
[info] [2024-11-28T16:27:37.217Z] : i AdvancedIO[nodejstest_function]: http://localhost:3000/server/nodejstest_function/
[info] [2024-11-28T16:27:38.230Z] : 
change of Controller\userController.js in nodejstest_function detected. Preparing your function, please wait...
[info] [2024-11-28T16:27:44.872Z] : i AdvancedIO[nodejstest_function]: ready!
[info] [2024-11-28T16:27:44.873Z] : i AdvancedIO[nodejstest_function]: http://localhost:3000/server/nodejstest_function/
[info] [2024-11-28T16:28:13.941Z] : 
change of Controller\userController.js in nodejstest_function detected. Preparing your function, please wait...
[info] [2024-11-28T16:28:19.846Z] : i AdvancedIO[nodejstest_function]: ready!
[info] [2024-11-28T16:28:19.847Z] : i AdvancedIO[nodejstest_function]: http://localhost:3000/server/nodejstest_function/
[info] [2024-11-28T16:28:23.419Z] : 
change of Controller\userController.js in nodejstest_function detected. Preparing your function, please wait...
[info] [2024-11-28T16:28:28.501Z] : i AdvancedIO[nodejstest_function]: ready!
[info] [2024-11-28T16:28:28.502Z] : i AdvancedIO[nodejstest_function]: http://localhost:3000/server/nodejstest_function/
[info] [2024-11-28T16:28:51.832Z] : 
change of Controller\userController.js in nodejstest_function detected. Preparing your function, please wait...
[info] [2024-11-28T16:28:57.664Z] : i AdvancedIO[nodejstest_function]: ready!
[info] [2024-11-28T16:28:57.666Z] : i AdvancedIO[nodejstest_function]: http://localhost:3000/server/nodejstest_function/
[info] [2024-11-28T16:29:40.300Z] : 
change of Controller\userController.js in nodejstest_function detected. Preparing your function, please wait...
[info] [2024-11-28T16:29:47.448Z] : i AdvancedIO[nodejstest_function]: ready!
[info] [2024-11-28T16:29:47.475Z] : i AdvancedIO[nodejstest_function]: http://localhost:3000/server/nodejstest_function/
[info] [2024-11-28T16:30:05.172Z] : 
change of Controller\userController.js in nodejstest_function detected. Preparing your function, please wait...
[info] [2024-11-28T16:30:11.145Z] : i AdvancedIO[nodejstest_function]: ready!
[info] [2024-11-28T16:30:11.147Z] : i AdvancedIO[nodejstest_function]: http://localhost:3000/server/nodejstest_function/
[info] [2024-11-28T16:33:59.589Z] : 
change of Controller\userController.js in nodejstest_function detected. Preparing your function, please wait...
[info] [2024-11-28T16:34:06.477Z] : i AdvancedIO[nodejstest_function]: ready!
[info] [2024-11-28T16:34:06.478Z] : i AdvancedIO[nodejstest_function]: http://localhost:3000/server/nodejstest_function/
[info] [2024-11-28T16:35:07.749Z] : 
change of Controller\userController.js in nodejstest_function detected. Preparing your function, please wait...
[info] [2024-11-28T16:35:14.565Z] : i AdvancedIO[nodejstest_function]: ready!
[info] [2024-11-28T16:35:14.568Z] : i AdvancedIO[nodejstest_function]: http://localhost:3000/server/nodejstest_function/
[info] [2024-11-28T16:36:24.205Z] : 
change of Controller\userController.js in nodejstest_function detected. Preparing your function, please wait...
[info] [2024-11-28T16:36:30.667Z] : i AdvancedIO[nodejstest_function]: ready!
[info] [2024-11-28T16:36:30.668Z] : i AdvancedIO[nodejstest_function]: http://localhost:3000/server/nodejstest_function/
[info] [2024-11-28T16:36:31.673Z] : 
change of Controller\userController.js in nodejstest_function detected. Preparing your function, please wait...
[info] [2024-11-28T16:36:38.110Z] : i AdvancedIO[nodejstest_function]: ready!
[info] [2024-11-28T16:36:38.110Z] : i AdvancedIO[nodejstest_function]: http://localhost:3000/server/nodejstest_function/
